[05:41:04] prompt: A modern landing page for 'Tidepool', a specialty coffee subscription. Include a hero with a clear CTA, a 3-tier pricing section, a testimonials row, and a small chart.js bar chart showing the house blend's flavor profile (acidity, body, sweetness, aroma). Use real Unsplash coffee imagery.
[05:41:04] round 1: generating with z-ai/glm-5.2...
[05:44:10] round 1: 1828 chars in 186s. rendering...
[05:44:13] round 1: BLANK (6626B). retrying.
[05:44:13] round 2: generating with z-ai/glm-5.2...
[05:48:11] round 2: 27305 chars in 238s. rendering...
[05:48:14] round 2: QA with z-ai/glm-4.6v...
[05:48:37] round 2: pass=false scores={"renders":4,"layout":2,"images":1,"taste":4,"fidelity":1} defects=4
[05:48:37]    - [blocker] missing content: 3-tier pricing section not visible on page
[05:48:37]    - [blocker] missing content: Testimonials row missing from page
[05:48:37]    - [blocker] missing widgets: Chart.js bar chart not rendered
[05:48:37]    - [major] missing assets: No real Unsplash coffee imagery visible
[05:48:37] round 3: generating with z-ai/glm-5.2...
[05:51:33] round 3: 16561 chars in 176s. rendering...
[05:51:36] round 3: QA with z-ai/glm-4.6v...
[05:52:01] round 3: pass=false scores={"renders":5,"styled":5,"layout":5,"images":5,"widgets":2,"taste":4,"fidelity":3} defects=3
[05:52:01]    - [blocker] missing_content: Testimonials row is missing from the page
[05:52:01]    - [major] widget_failure: Chart.js bar chart for flavor profile is not rendered (shows as blank canvas)
[05:52:01]    - [minor] content_incomplete: Cupping Profile section shows text but no visual chart
[05:52:01] DONE in 3 round(s) -> out.html  (final pass=false)
exit=0
