[06:00:58] prompt: A modern landing page for 'Tidepool', a specialty coffee subscription. Include a hero with a clear CTA, a 3-tier pricing section, a testimonials row, and a small chart.js bar chart showing the house blend's flavor profile (acidity, body, sweetness, aroma). Use real Unsplash coffee imagery.
[06:00:58] round 1: scratch generate with z-ai/glm-5.2...
[06:05:15] round 1: 29574 chars in 257s. rendering...
[06:05:19] round 1: QA with z-ai/glm-4.6v...
[06:05:45] round 1: pass=false scores={"renders":5,"styled":5,"layout":4,"images":4,"widgets":0,"taste":4,"fidelity":2} defects=1
[06:05:45]    - [blocker] missing content: Missing 3-tier pricing section, testimonials row, and chart.js bar chart showing flavor profile as requested
[06:05:45] round 2: patch generate with z-ai/glm-5.2...
[06:07:29] round 2: 29574 chars in 104s. rendering...
[06:07:32] round 2: QA with z-ai/glm-4.6v...
[06:07:51] round 2: pass=false scores={"renders":5,"styled":5,"layout":4,"images":4,"widgets":1,"taste":4,"fidelity":2} defects=3
[06:07:51]    - [blocker] missing component: Chart.js bar chart showing house blend flavor profile (acidity, body, sweetness, aroma) is not visible on the page
[06:07:51]    - [major] missing component: 3-tier pricing section is not visible on the page
[06:07:51]    - [major] missing component: Testimonials row is not visible on the page
[06:07:51] round 3: patch generate with z-ai/glm-5.2...
[06:09:44] round 3: 30257 chars in 113s. rendering...
[06:09:47] round 3: QA with z-ai/glm-4.6v...
[06:10:15] round 3: pass=false scores={"renders":5,"styled":5,"layout":4,"images":4,"widgets":0,"taste":4,"fidelity":2} defects=3
[06:10:15]    - [blocker] missing content: Chart.js bar chart showing house blend flavor profile (acidity, body, sweetness, aroma) is not visible on page
[06:10:15]    - [major] missing content: 3-tier pricing section is not visible on page
[06:10:15]    - [major] missing content: Testimonials row is not visible on page
[06:10:15] round 4: patch generate with z-ai/glm-5.2...
[06:12:12] round 4: 30257 chars in 117s. rendering...
[06:12:15] round 4: QA with z-ai/glm-4.6v...
[06:12:50] round 4: pass=false scores={"renders":5,"styled":5,"layout":4,"images":5,"widgets":0,"taste":4,"fidelity":2} defects=3
[06:12:50]    - [blocker] missing content: Chart.js bar chart showing the house blend's flavor profile (acidity, body, sweetness, aroma) is not visible on the page
[06:12:50]    - [major] missing content: 3-tier pricing section is not visible on the page
[06:12:50]    - [major] missing content: Testimonials row is not visible on the page
[06:12:50] DONE in 4 round(s) -> out.html  (final pass=false)
exit=0
